AR-Navigation-BK/Library/Bee/Android/Prj/IL2CPP/Gradle/launcher/build/intermediates/manifest_merge_blame_file/release/manifest-merger-blame-release-report.txt
1<?xml version="1.0" encoding="utf-8"?>
2<manifest xmlns:android="http://schemas.android.com/apk/res/android"
3    package="com.DefaultCompany.ARNavigationBK"
4    android:installLocation="preferExternal"
5    android:versionCode="1"
6    android:versionName="0.1" >
7
8    <uses-sdk
9        android:minSdkVersion="24"
9-->src\main\AndroidManifest.xml
10        android:targetSdkVersion="35" />
10-->src\main\AndroidManifest.xml
11
12    <supports-screens
12-->src\main\AndroidManifest.xml:4:3-163
13        android:anyDensity="true"
13-->src\main\AndroidManifest.xml:4:135-160
14        android:largeScreens="true"
14-->src\main\AndroidManifest.xml:4:78-105
15        android:normalScreens="true"
15-->src\main\AndroidManifest.xml:4:49-77
16        android:smallScreens="true"
16-->src\main\AndroidManifest.xml:4:21-48
17        android:xlargeScreens="true" />
17-->src\main\AndroidManifest.xml:4:106-134
18
19    <uses-permission android:name="android.permission.INTERNET" />
19-->[:unityLibrary] AndroidManifest.xml:8:5-67
19-->[:unityLibrary] AndroidManifest.xml:8:22-64
20    <uses-permission android:name="android.permission.ACCESS_FINE_LOCATION" />
20-->[:unityLibrary] AndroidManifest.xml:9:5-79
20-->[:unityLibrary] AndroidManifest.xml:9:22-76
21    <uses-permission android:name="android.permission.ACCESS_COARSE_LOCATION" />
21-->[:unityLibrary] AndroidManifest.xml:10:5-81
21-->[:unityLibrary] AndroidManifest.xml:10:22-78
22
23    <uses-feature android:glEsVersion="0x00030000" />
23-->[:unityLibrary] AndroidManifest.xml:12:5-54
23-->[:unityLibrary] AndroidManifest.xml:12:19-51
24    <uses-feature
24-->[:unityLibrary] AndroidManifest.xml:13:5-15:36
25        android:name="android.hardware.location.gps"
25-->[:unityLibrary] AndroidManifest.xml:14:9-53
26        android:required="false" />
26-->[:unityLibrary] AndroidManifest.xml:15:9-33
27    <uses-feature
27-->[:unityLibrary] AndroidManifest.xml:16:5-18:36
28        android:name="android.hardware.location"
28-->[:unityLibrary] AndroidManifest.xml:17:9-49
29        android:required="false" />
29-->[:unityLibrary] AndroidManifest.xml:18:9-33
30    <uses-feature
30-->[:unityLibrary] AndroidManifest.xml:19:5-21:36
31        android:name="android.hardware.touchscreen"
31-->[:unityLibrary] AndroidManifest.xml:20:9-52
32        android:required="false" />
32-->[:unityLibrary] AndroidManifest.xml:21:9-33
33    <uses-feature
33-->[:unityLibrary] AndroidManifest.xml:22:5-24:36
34        android:name="android.hardware.touchscreen.multitouch"
34-->[:unityLibrary] AndroidManifest.xml:23:9-63
35        android:required="false" />
35-->[:unityLibrary] AndroidManifest.xml:24:9-33
36    <uses-feature
36-->[:unityLibrary] AndroidManifest.xml:25:5-27:36
37        android:name="android.hardware.touchscreen.multitouch.distinct"
37-->[:unityLibrary] AndroidManifest.xml:26:9-72
38        android:required="false" />
38-->[:unityLibrary] AndroidManifest.xml:27:9-33
39
40    <uses-permission android:name="android.permission.CAMERA" />
40-->[:unityLibrary] AndroidManifest.xml:29:5-65
40-->[:unityLibrary] AndroidManifest.xml:29:22-62
41
42    <uses-feature
42-->[:unityLibrary] AndroidManifest.xml:31:5-33:35
43        android:name="android.hardware.camera.ar"
43-->[:unityLibrary] AndroidManifest.xml:32:9-50
44        android:required="true" />
44-->[:unityLibrary] AndroidManifest.xml:33:9-32
45    <uses-feature
45-->[:unityLibrary] AndroidManifest.xml:34:5-36:35
46        android:name="com.google.ar.core.depth"
46-->[:unityLibrary] AndroidManifest.xml:35:9-48
47        android:required="true" />
47-->[:unityLibrary] AndroidManifest.xml:36:9-32
48
49    <queries>
49-->[:arcore_client:] AndroidManifest.xml:20:5-27:15
50        <package android:name="com.google.ar.core" />
50-->[:arcore_client:] AndroidManifest.xml:21:9-54
50-->[:arcore_client:] AndroidManifest.xml:21:18-51
51        <package android:name="com.android.vending" />
51-->[:arcore_client:] AndroidManifest.xml:22:9-55
51-->[:arcore_client:] AndroidManifest.xml:22:18-52
52
53        <intent>
53-->[:arcore_client:] AndroidManifest.xml:24:9-26:18
54            <action android:name="com.google.android.play.core.install.BIND_INSTALL_SERVICE" />
54-->[:arcore_client:] AndroidManifest.xml:25:13-96
54-->[:arcore_client:] AndroidManifest.xml:25:21-93
55        </intent>
56    </queries>
57
58    <application
58-->src\main\AndroidManifest.xml:3:3-83
59        android:extractNativeLibs="true"
59-->[:unityLibrary] AndroidManifest.xml:38:18-50
60        android:icon="@mipmap/app_icon"
60-->src\main\AndroidManifest.xml:3:49-80
61        android:label="@string/app_name" >
61-->src\main\AndroidManifest.xml:3:16-48
62        <meta-data
62-->[:unityLibrary] AndroidManifest.xml:39:9-41:33
63            android:name="unity.splash-mode"
63-->[:unityLibrary] AndroidManifest.xml:40:13-45
64            android:value="0" />
64-->[:unityLibrary] AndroidManifest.xml:41:13-30
65        <meta-data
65-->[:unityLibrary] AndroidManifest.xml:42:9-44:36
66            android:name="unity.splash-enable"
66-->[:unityLibrary] AndroidManifest.xml:43:13-47
67            android:value="True" />
67-->[:unityLibrary] AndroidManifest.xml:44:13-33
68        <meta-data
68-->[:unityLibrary] AndroidManifest.xml:45:9-47:36
69            android:name="unity.launch-fullscreen"
69-->[:unityLibrary] AndroidManifest.xml:46:13-51
70            android:value="True" />
70-->[:unityLibrary] AndroidManifest.xml:47:13-33
71        <meta-data
71-->[:unityLibrary] AndroidManifest.xml:48:9-50:36
72            android:name="unity.render-outside-safearea"
72-->[:unityLibrary] AndroidManifest.xml:49:13-57
73            android:value="True" />
73-->[:unityLibrary] AndroidManifest.xml:50:13-33
74        <meta-data
74-->[:unityLibrary] AndroidManifest.xml:51:9-53:50
75            android:name="notch.config"
75-->[:unityLibrary] AndroidManifest.xml:52:13-40
76            android:value="portrait|landscape" />
76-->[:unityLibrary] AndroidManifest.xml:53:13-47
77        <meta-data
77-->[:unityLibrary] AndroidManifest.xml:54:9-56:36
78            android:name="unity.auto-report-fully-drawn"
78-->[:unityLibrary] AndroidManifest.xml:55:13-57
79            android:value="true" />
79-->[:unityLibrary] AndroidManifest.xml:56:13-33
80
81        <activity
81-->[:unityLibrary] AndroidManifest.xml:58:9-79:20
82            android:name="com.unity3d.player.UnityPlayerActivity"
82-->[:unityLibrary] AndroidManifest.xml:59:13-66
83            android:configChanges="mcc|mnc|locale|touchscreen|keyboard|keyboardHidden|navigation|orientation|screenLayout|uiMode|screenSize|smallestScreenSize|fontScale|layoutDirection|density"
83-->[:unityLibrary] AndroidManifest.xml:60:13-194
84            android:exported="true"
84-->[:unityLibrary] AndroidManifest.xml:61:13-36
85            android:hardwareAccelerated="false"
85-->[:unityLibrary] AndroidManifest.xml:62:13-48
86            android:launchMode="singleTask"
86-->[:unityLibrary] AndroidManifest.xml:63:13-44
87            android:resizeableActivity="false"
87-->[:unityLibrary] AndroidManifest.xml:64:13-47
88            android:screenOrientation="fullUser"
88-->[:unityLibrary] AndroidManifest.xml:65:13-49
89            android:theme="@style/UnityThemeSelector" >
89-->[:unityLibrary] AndroidManifest.xml:66:13-54
90            <intent-filter>
90-->[:unityLibrary] AndroidManifest.xml:67:13-71:29
91                <category android:name="android.intent.category.LAUNCHER" />
91-->[:unityLibrary] AndroidManifest.xml:68:17-77
91-->[:unityLibrary] AndroidManifest.xml:68:27-74
92
93                <action android:name="android.intent.action.MAIN" />
93-->[:unityLibrary] AndroidManifest.xml:70:17-69
93-->[:unityLibrary] AndroidManifest.xml:70:25-66
94            </intent-filter>
95
96            <meta-data
96-->[:unityLibrary] AndroidManifest.xml:73:13-75:40
97                android:name="unityplayer.UnityActivity"
97-->[:unityLibrary] AndroidManifest.xml:74:17-57
98                android:value="true" />
98-->[:unityLibrary] AndroidManifest.xml:75:17-37
99            <meta-data
99-->[:unityLibrary] AndroidManifest.xml:76:13-78:40
100                android:name="notch_support"
100-->[:unityLibrary] AndroidManifest.xml:77:17-45
101                android:value="true" />
101-->[:unityLibrary] AndroidManifest.xml:78:17-37
102        </activity>
103
104        <meta-data
104-->[:unityLibrary] AndroidManifest.xml:81:9-83:36
105            android:name="unityplayer.SkipPermissionsDialog"
105-->[:unityLibrary] AndroidManifest.xml:82:13-61
106            android:value="true" />
106-->[:unityLibrary] AndroidManifest.xml:83:13-33
107        <meta-data
107-->[:unityLibrary] AndroidManifest.xml:84:9-86:40
108            android:name="com.google.ar.core"
108-->[:unityLibrary] AndroidManifest.xml:85:13-46
109            android:value="required" /> <!-- The minimal version code of ARCore APK required for an app using this SDK. -->
109-->[:unityLibrary] AndroidManifest.xml:86:13-37
110        <meta-data
110-->[:arcore_client:] AndroidManifest.xml:32:9-34:41
111            android:name="com.google.ar.core.min_apk_version"
111-->[:arcore_client:] AndroidManifest.xml:33:13-62
112            android:value="240220000" /> <!-- This activity is critical for installing ARCore when it is not already present. -->
112-->[:arcore_client:] AndroidManifest.xml:34:13-38
113        <activity
113-->[:arcore_client:] AndroidManifest.xml:36:9-42:80
114            android:name="com.google.ar.core.InstallActivity"
114-->[:arcore_client:] AndroidManifest.xml:37:13-62
115            android:configChanges="keyboardHidden|orientation|screenSize"
115-->[:arcore_client:] AndroidManifest.xml:38:13-74
116            android:excludeFromRecents="true"
116-->[:arcore_client:] AndroidManifest.xml:39:13-46
117            android:exported="false"
117-->[:arcore_client:] AndroidManifest.xml:40:13-37
118            android:launchMode="singleTop"
118-->[:arcore_client:] AndroidManifest.xml:41:13-43
119            android:theme="@android:style/Theme.Material.Light.Dialog.Alert" />
119-->[:arcore_client:] AndroidManifest.xml:42:13-77
120    </application>
121
122</manifest>